<?xml version="1.0" encoding="UTF-8"?>
<!-- Generated by org.testng.reporters.JUnitReportReporter -->
<testsuite hostname="DESKTOP-PNL5NSP" failures="0" tests="1" name="testCases.TC003_LoginDDT" time="7.010" errors="0" timestamp="2024-07-23T10:10:25 IST" skipped="0">
  <testcase classname="testCases.TC003_LoginDDT" name="verify_loginDDT" time="7.010"/>
  <system-out/>
</testsuite> <!-- testCases.TC003_LoginDDT -->
