<?xml version="1.0" encoding="UTF-8"?>
<!-- Generated by org.testng.reporters.JUnitReportReporter -->
<testsuite hostname="DESKTOP-PNL5NSP" failures="0" tests="1" name="testCases.TC001_AccountRegistrationTest" time="4.745" errors="0" timestamp="2024-07-26T18:08:23 IST" skipped="0">
  <testcase classname="testCases.TC001_AccountRegistrationTest" name="verify_account_registration" time="4.745"/>
  <system-out/>
</testsuite> <!-- testCases.TC001_AccountRegistrationTest -->
