<?xml version="1.0" encoding="UTF-8"?>
<!-- Generated by org.testng.reporters.JUnitReportReporter -->
<testsuite hostname="DESKTOP-PNL5NSP" failures="0" tests="1" name="testCases.TC001_AccountRegistrationTest" time="4.139" errors="0" timestamp="2024-07-27T19:25:05 IST" skipped="0">
  <testcase classname="testCases.TC001_AccountRegistrationTest" name="verify_account_registration" time="4.139"/>
</testsuite> <!-- testCases.TC001_AccountRegistrationTest -->
