<?xml version="1.0" encoding="UTF-8"?>
<!-- Generated by org.testng.reporters.JUnitReportReporter -->
<testsuite hostname="DESKTOP-PNL5NSP" failures="0" tests="1" name="testCases.TC002_LoginTest" time="2.315" errors="0" timestamp="2024-07-27T19:25:05 IST" skipped="0">
  <testcase classname="testCases.TC002_LoginTest" name="verify_login" time="2.315"/>
</testsuite> <!-- testCases.TC002_LoginTest -->
